  Game.cpp
C:\Users\john_\source\repos\CS-122-PA-9-YUGIOH\Yugioh Template\Project2\Game.cpp(80,25): warning C4305: 'argument': truncation from 'double' to 'float'
C:\Users\john_\source\repos\CS-122-PA-9-YUGIOH\Yugioh Template\Project2\Game.cpp(57,12): warning C4101: 'event': unreferenced local variable
C:\Users\john_\source\repos\CS-122-PA-9-YUGIOH\Yugioh Template\Project2\Game.cpp(272,27): warning C4305: 'argument': truncation from 'double' to 'float'
C:\Users\john_\source\repos\CS-122-PA-9-YUGIOH\Yugioh Template\Project2\Game.cpp(284,26): warning C4305: 'argument': truncation from 'double' to 'float'
C:\Users\john_\source\repos\CS-122-PA-9-YUGIOH\Yugioh Template\Project2\Game.cpp(445,27): warning C4305: 'argument': truncation from 'double' to 'float'
C:\Users\john_\source\repos\CS-122-PA-9-YUGIOH\Yugioh Template\Project2\Game.cpp(462,27): warning C4305: 'argument': truncation from 'double' to 'float'
C:\Users\john_\source\repos\CS-122-PA-9-YUGIOH\Yugioh Template\Project2\Game.cpp(471,27): warning C4305: 'argument': truncation from 'double' to 'float'
C:\Users\john_\source\repos\CS-122-PA-9-YUGIOH\Yugioh Template\Project2\Game.cpp(570,29): warning C4305: 'argument': truncation from 'double' to 'float'
C:\Users\john_\source\repos\CS-122-PA-9-YUGIOH\Yugioh Template\Project2\Game.cpp(581,29): warning C4305: 'argument': truncation from 'double' to 'float'
C:\Users\john_\source\repos\CS-122-PA-9-YUGIOH\Yugioh Template\Project2\Game.cpp(588,29): warning C4305: 'argument': truncation from 'double' to 'float'
C:\Users\john_\source\repos\CS-122-PA-9-YUGIOH\Yugioh Template\Project2\Game.cpp(687,26): warning C4305: 'argument': truncation from 'double' to 'float'
C:\Users\john_\source\repos\CS-122-PA-9-YUGIOH\Yugioh Template\Project2\Game.cpp(695,26): warning C4305: 'argument': truncation from 'double' to 'float'
C:\Users\john_\source\repos\CS-122-PA-9-YUGIOH\Yugioh Template\Project2\Game.cpp(702,27): warning C4305: 'argument': truncation from 'double' to 'float'
C:\Users\john_\source\repos\CS-122-PA-9-YUGIOH\Yugioh Template\Project2\Game.cpp(709,28): warning C4305: 'argument': truncation from 'double' to 'float'
C:\Users\john_\source\repos\CS-122-PA-9-YUGIOH\Yugioh Template\Project2\Game.cpp(716,27): warning C4305: 'argument': truncation from 'double' to 'float'
C:\Users\john_\source\repos\CS-122-PA-9-YUGIOH\Yugioh Template\Project2\Game.cpp(723,27): warning C4305: 'argument': truncation from 'double' to 'float'
C:\Users\john_\source\repos\CS-122-PA-9-YUGIOH\Yugioh Template\Project2\Game.cpp(858,29): warning C4244: 'argument': conversion from 'int' to 'float', possible loss of data
C:\Users\john_\source\repos\CS-122-PA-9-YUGIOH\Yugioh Template\Project2\Game.cpp(858,21): warning C4244: 'argument': conversion from 'int' to 'float', possible loss of data
C:\Users\john_\source\repos\CS-122-PA-9-YUGIOH\Yugioh Template\Project2\Game.cpp(665,12): warning C4101: 'event': unreferenced local variable
  Generating code
  1 of 292 functions ( 0.3%) were compiled, the rest were copied from previous compilation.
    0 functions were new in current compilation
    2 functions had inline decision re-evaluated but remain unchanged
  Finished generating code
  Project2.vcxproj -> C:\Users\john_\Source\Repos\CS-122-PA-9-YUGIOH\Yugioh Template\Release\Project2.exe
